<?xml version="1.0" encoding="UTF-8"?>
<testng-results ignored="0" total="1" passed="1" failed="0" skipped="0">
  <reporter-output>
  </reporter-output>
  <suite started-at="2021-01-27T22:44:35 PST" name="Suite" finished-at="2021-01-27T22:44:53 PST" duration-ms="17893">
    <groups>
    </groups>
    <test started-at="2021-01-27T22:44:35 PST" name="Test" finished-at="2021-01-27T22:44:53 PST" duration-ms="17893">
      <class name="com.techarch.ExtentReportDemo1.SaleForce_login">
        <test-method is-config="true" signature="launchBrowser()[pri:0, instance:com.techarch.ExtentReportDemo1.SaleForce_login@1e800aaa]" started-at="2021-01-27T22:44:35 PST" name="launchBrowser" finished-at="2021-01-27T22:44:39 PST" duration-ms="4114" status="PASS">
          <reporter-output>
          </reporter-output>
        </test-method> <!-- launchBrowser -->
        <test-method signature="loginToSales()[pri:0, instance:com.techarch.ExtentReportDemo1.SaleForce_login@1e800aaa]" started-at="2021-01-27T22:44:39 PST" name="loginToSales" finished-at="2021-01-27T22:44:52 PST" duration-ms="12731" status="PASS">
          <reporter-output>
          </reporter-output>
        </test-method> <!-- loginToSales -->
        <test-method is-config="true" signature="closereport()[pri:0, instance:com.techarch.ExtentReportDemo1.SaleForce_login@1e800aaa]" started-at="2021-01-27T22:44:52 PST" name="closereport" finished-at="2021-01-27T22:44:53 PST" duration-ms="1008" status="PASS">
          <reporter-output>
          </reporter-output>
        </test-method> <!-- closereport -->
      </class> <!-- com.techarch.ExtentReportDemo1.SaleForce_login -->
    </test> <!-- Test -->
  </suite> <!-- Suite -->
</testng-results>
