<?xml version="1.0" encoding="UTF-8"?>
<testng-results ignored="0" total="1" passed="1" failed="0" skipped="0">
  <reporter-output>
  </reporter-output>
  <suite started-at="2021-01-28T00:07:55 PST" name="Suite" finished-at="2021-01-28T00:08:14 PST" duration-ms="18612">
    <groups>
    </groups>
    <test started-at="2021-01-28T00:07:55 PST" name="Test" finished-at="2021-01-28T00:08:14 PST" duration-ms="18612">
      <class name="com.techarch.ExtentReportDemo1.SaleForce_login">
        <test-method is-config="true" signature="launchBrowser()[pri:0, instance:com.techarch.ExtentReportDemo1.SaleForce_login@1e800aaa]" started-at="2021-01-28T00:07:55 PST" name="launchBrowser" finished-at="2021-01-28T00:07:58 PST" duration-ms="2870" status="PASS">
          <reporter-output>
          </reporter-output>
        </test-method> <!-- launchBrowser -->
        <test-method signature="loginToSales()[pri:0, instance:com.techarch.ExtentReportDemo1.SaleForce_login@1e800aaa]" started-at="2021-01-28T00:07:58 PST" name="loginToSales" finished-at="2021-01-28T00:08:13 PST" duration-ms="14692" status="PASS">
          <reporter-output>
          </reporter-output>
        </test-method> <!-- loginToSales -->
        <test-method is-config="true" signature="closereport()[pri:0, instance:com.techarch.ExtentReportDemo1.SaleForce_login@1e800aaa]" started-at="2021-01-28T00:08:13 PST" name="closereport" finished-at="2021-01-28T00:08:14 PST" duration-ms="986" status="PASS">
          <reporter-output>
          </reporter-output>
        </test-method> <!-- closereport -->
      </class> <!-- com.techarch.ExtentReportDemo1.SaleForce_login -->
    </test> <!-- Test -->
  </suite> <!-- Suite -->
</testng-results>
