<?xml version="1.0" encoding="UTF-8"?>
<testng-results ignored="0" total="1" passed="1" failed="0" skipped="0">
  <reporter-output>
  </reporter-output>
  <suite started-at="2021-01-27T23:48:51 PST" name="Default suite" finished-at="2021-01-27T23:49:23 PST" duration-ms="31347">
    <groups>
    </groups>
    <test started-at="2021-01-27T23:48:51 PST" name="Default test" finished-at="2021-01-27T23:49:23 PST" duration-ms="31347">
      <class name="com.techarch.ExtentReportDemo1.SaleForce_login">
        <test-method is-config="true" signature="launchBrowser()[pri:0, instance:com.techarch.ExtentReportDemo1.SaleForce_login@3d1cfad4]" started-at="2021-01-27T23:48:51 PST" name="launchBrowser" finished-at="2021-01-27T23:48:55 PST" duration-ms="3346" status="PASS">
          <reporter-output>
          </reporter-output>
        </test-method> <!-- launchBrowser -->
        <test-method signature="loginToSales()[pri:0, instance:com.techarch.ExtentReportDemo1.SaleForce_login@3d1cfad4]" started-at="2021-01-27T23:48:55 PST" name="loginToSales" finished-at="2021-01-27T23:49:22 PST" duration-ms="27352" status="PASS">
          <reporter-output>
          </reporter-output>
        </test-method> <!-- loginToSales -->
        <test-method is-config="true" signature="closereport()[pri:0, instance:com.techarch.ExtentReportDemo1.SaleForce_login@3d1cfad4]" started-at="2021-01-27T23:49:22 PST" name="closereport" finished-at="2021-01-27T23:49:23 PST" duration-ms="608" status="PASS">
          <reporter-output>
          </reporter-output>
        </test-method> <!-- closereport -->
      </class> <!-- com.techarch.ExtentReportDemo1.SaleForce_login -->
    </test> <!-- Default test -->
  </suite> <!-- Default suite -->
</testng-results>
